<?xml version="1.0" encoding="UTF-8"?>
<testng-results ignored="0" total="1" passed="1" failed="0" skipped="0">
  <reporter-output>
  </reporter-output>
  <suite started-at="2023-08-21T08:41:44 IST" name="Default suite" finished-at="2023-08-21T08:43:12 IST" duration-ms="87888">
    <groups>
    </groups>
    <test started-at="2023-08-21T08:41:44 IST" name="Default test" finished-at="2023-08-21T08:43:12 IST" duration-ms="87888">
      <class name="testPackage.TestCase1">
        <test-method is-config="true" signature="launchbrowser()[pri:0, instance:testPackage.TestCase1@f667fe]" started-at="2023-08-21T08:41:10 IST" name="launchbrowser" finished-at="2023-08-21T08:41:44 IST" duration-ms="34218" status="PASS">
          <reporter-output>
          </reporter-output>
        </test-method> <!-- launchbrowser -->
        <test-method is-config="true" signature="getdrivers()[pri:0, instance:testPackage.TestCase1@f667fe]" started-at="2023-08-21T08:41:44 IST" name="getdrivers" finished-at="2023-08-21T08:41:44 IST" duration-ms="0" status="PASS">
          <reporter-output>
          </reporter-output>
        </test-method> <!-- getdrivers -->
        <test-method signature="login()[pri:0, instance:testPackage.TestCase1@f667fe]" started-at="2023-08-21T08:41:44 IST" name="login" finished-at="2023-08-21T08:43:12 IST" duration-ms="87830" status="PASS">
          <reporter-output>
          </reporter-output>
        </test-method> <!-- login -->
        <test-method is-config="true" signature="teardown()[pri:0, instance:testPackage.TestCase1@f667fe]" started-at="2023-08-21T08:43:12 IST" name="teardown" finished-at="2023-08-21T08:43:12 IST" duration-ms="350" status="PASS">
          <reporter-output>
          </reporter-output>
        </test-method> <!-- teardown -->
      </class> <!-- testPackage.TestCase1 -->
    </test> <!-- Default test -->
  </suite> <!-- Default suite -->
</testng-results>
